{"uuid":"c0667085-92c4-416a-8c2a-5842a83e5a80","historyId":"bfd06f9e2ab597b784e0ff5808f94406","fullName":"sanitytest.UnpplugedDev.register_and_forgot_my_password","labels":[{"name":"package","value":"sanitytest.UnpplugedDev"},{"name":"testClass","value":"sanitytest.UnpplugedDev"},{"name":"testMethod","value":"register_and_forgot_my_password"},{"name":"parentSuite","value":"Suite"},{"name":"suite","value":"UnpplugedDev"},{"name":"subSuite","value":"sanitytest.UnpplugedDev"},{"name":"host","value":"DESKTOP-VAR54LN"},{"name":"thread","value":"9796@DESKTOP-VAR54LN.main(1)"},{"name":"framework","value":"testng"},{"name":"language","value":"java"}],"links":[],"name":"Test 10: Register and forgot my password","status":"broken","statusDetails":{"known":false,"muted":false,"flaky":false,"message":"Timed out after 20 seconds waiting for element to be clickable: By.id: button1\nBuild info: version: '2.53.1', revision: 'a36b8b1cd5757287168e54b817830adce9b0158d', time: '2016-06-30 19:26:09'\nSystem info: host: 'DESKTOP-VAR54LN', ip: '192.168.30.27', os.name: 'Windows 10', os.arch: 'amd64', os.version: '10.0', java.version: '1.8.0_211'\nDriver info: io.appium.java_client.android.AndroidDriver\nCapabilities [{appPackage=com.unplugged.store, device.majorVersion=11, dontGoHomeOnQuit=false, device.os=Android, noReset=false, dontStopAppOnReset=false, applicationClearData=false, reservationDuration=240, reportFormat=xml, fullReset=false, platform=ANY, deviceUDID=R9PR900B9GL, install.only.for.update=false, desired={appPackage=com.unplugged.store, appActivity=.splash.SplashActivity, reportDirectory=reports, reportFormat=xml, udid=R9PR900B9GL, platformName=Android, testName=test01}, device.serialNumber=R9PR900B9GL, locationServicesAuthorized=false, device.version=11, reportDirectory=reports, autoWebview=false, udid=R9PR900B9GL, platformName=Android, testName=test01, device.screenSize=720x1600, useKeystore=false, test.type=Mobile, commandTimeouts=120000, device.manufacture=samsung, instrumentApp=false, appiumVersion=1.8.0, device.category=PHONE, autoDismissAlerts=false, reportUrl=C:\\Users\\andre\\appiumstudio-reports\\reports\\test1090, newSessionWaitTimeout=600, keystorePath=~/.android/debug.keystore, appActivity=.splash.SplashActivity, installOnlyForUpdate=false, waitForDeviceTimeout=120000, device.model=SM-A037F, device.name=SM-A037F, autoGrantPermissions=false, appBuildVersion=, appReleaseVersion=, takeScreenshots=true, projectName=, autoAcceptAlerts=false}]\nSession ID: d68a0cd7-ebdc-4b5b-b903-ea4109691799","trace":"org.openqa.selenium.TimeoutException: Timed out after 20 seconds waiting for element to be clickable: By.id: button1\nBuild info: version: '2.53.1', revision: 'a36b8b1cd5757287168e54b817830adce9b0158d', time: '2016-06-30 19:26:09'\nSystem info: host: 'DESKTOP-VAR54LN', ip: '192.168.30.27', os.name: 'Windows 10', os.arch: 'amd64', os.version: '10.0', java.version: '1.8.0_211'\nDriver info: io.appium.java_client.android.AndroidDriver\nCapabilities [{appPackage=com.unplugged.store, device.majorVersion=11, dontGoHomeOnQuit=false, device.os=Android, noReset=false, dontStopAppOnReset=false, applicationClearData=false, reservationDuration=240, reportFormat=xml, fullReset=false, platform=ANY, deviceUDID=R9PR900B9GL, install.only.for.update=false, desired={appPackage=com.unplugged.store, appActivity=.splash.SplashActivity, reportDirectory=reports, reportFormat=xml, udid=R9PR900B9GL, platformName=Android, testName=test01}, device.serialNumber=R9PR900B9GL, locationServicesAuthorized=false, device.version=11, reportDirectory=reports, autoWebview=false, udid=R9PR900B9GL, platformName=Android, testName=test01, device.screenSize=720x1600, useKeystore=false, test.type=Mobile, commandTimeouts=120000, device.manufacture=samsung, instrumentApp=false, appiumVersion=1.8.0, device.category=PHONE, autoDismissAlerts=false, reportUrl=C:\\Users\\andre\\appiumstudio-reports\\reports\\test1090, newSessionWaitTimeout=600, keystorePath=~/.android/debug.keystore, appActivity=.splash.SplashActivity, installOnlyForUpdate=false, waitForDeviceTimeout=120000, device.model=SM-A037F, device.name=SM-A037F, autoGrantPermissions=false, appBuildVersion=, appReleaseVersion=, takeScreenshots=true, projectName=, autoAcceptAlerts=false}]\nSession ID: d68a0cd7-ebdc-4b5b-b903-ea4109691799\r\n\tat org.openqa.selenium.support.ui.WebDriverWait.timeoutException(WebDriverWait.java:80)\r\n\tat org.openqa.selenium.support.ui.FluentWait.until(FluentWait.java:261)\r\n\tat sanitytest.UnpplugedDev.register_and_forgot_my_password(UnpplugedDev.java:268)\r\n\tat sun.reflect.NativeMethodAccessorImpl.invoke0(Native Method)\r\n\tat sun.reflect.NativeMethodAccessorImpl.invoke(NativeMethodAccessorImpl.java:62)\r\n\tat sun.reflect.DelegatingMethodAccessorImpl.invoke(DelegatingMethodAccessorImpl.java:43)\r\n\tat java.lang.reflect.Method.invoke(Method.java:498)\r\n\tat org.testng.internal.invokers.MethodInvocationHelper.invokeMethod(MethodInvocationHelper.java:135)\r\n\tat org.testng.internal.invokers.TestInvoker.invokeMethod(TestInvoker.java:673)\r\n\tat org.testng.internal.invokers.TestInvoker.invokeTestMethod(TestInvoker.java:220)\r\n\tat org.testng.internal.invokers.MethodRunner.runInSequence(MethodRunner.java:50)\r\n\tat org.testng.internal.invokers.TestInvoker$MethodInvocationAgent.invoke(TestInvoker.java:945)\r\n\tat org.testng.internal.invokers.TestInvoker.invokeTestMethods(TestInvoker.java:193)\r\n\tat org.testng.internal.invokers.TestMethodWorker.invokeTestMethods(TestMethodWorker.java:146)\r\n\tat org.testng.internal.invokers.TestMethodWorker.run(TestMethodWorker.java:128)\r\n\tat java.util.ArrayList.forEach(ArrayList.java:1257)\r\n\tat org.testng.TestRunner.privateRun(TestRunner.java:808)\r\n\tat org.testng.TestRunner.run(TestRunner.java:603)\r\n\tat org.testng.SuiteRunner.runTest(SuiteRunner.java:429)\r\n\tat org.testng.SuiteRunner.runSequentially(SuiteRunner.java:423)\r\n\tat org.testng.SuiteRunner.privateRun(SuiteRunner.java:383)\r\n\tat org.testng.SuiteRunner.run(SuiteRunner.java:326)\r\n\tat org.testng.SuiteRunnerWorker.runSuite(SuiteRunnerWorker.java:52)\r\n\tat org.testng.SuiteRunnerWorker.run(SuiteRunnerWorker.java:95)\r\n\tat org.testng.TestNG.runSuitesSequentially(TestNG.java:1249)\r\n\tat org.testng.TestNG.runSuitesLocally(TestNG.java:1169)\r\n\tat org.testng.TestNG.runSuites(TestNG.java:1092)\r\n\tat org.testng.TestNG.run(TestNG.java:1060)\r\n\tat org.apache.maven.surefire.testng.TestNGExecutor.run(TestNGExecutor.java:283)\r\n\tat org.apache.maven.surefire.testng.TestNGXmlTestSuite.execute(TestNGXmlTestSuite.java:75)\r\n\tat org.apache.maven.surefire.testng.TestNGProvider.invoke(TestNGProvider.java:120)\r\n\tat org.apache.maven.surefire.booter.ForkedBooter.invokeProviderInSameClassLoader(ForkedBooter.java:384)\r\n\tat org.apache.maven.surefire.booter.ForkedBooter.runSuitesInProcess(ForkedBooter.java:345)\r\n\tat org.apache.maven.surefire.booter.ForkedBooter.execute(ForkedBooter.java:126)\r\n\tat org.apache.maven.surefire.booter.ForkedBooter.main(ForkedBooter.java:418)\r\nCaused by: org.openqa.selenium.NoSuchElementException: no such element (An element could not be located on the page using the given search parameters (ID='button1'))  (WARNING: The server did not provide any stacktrace information)\nCommand duration or timeout: 1.08 seconds\nFor documentation on this error, please visit: http://seleniumhq.org/exceptions/no_such_element.html\nBuild info: version: '2.53.1', revision: 'a36b8b1cd5757287168e54b817830adce9b0158d', time: '2016-06-30 19:26:09'\nSystem info: host: 'DESKTOP-VAR54LN', ip: '192.168.30.27', os.name: 'Windows 10', os.arch: 'amd64', os.version: '10.0', java.version: '1.8.0_211'\nDriver info: io.appium.java_client.android.AndroidDriver\nCapabilities [{appPackage=com.unplugged.store, device.majorVersion=11, dontGoHomeOnQuit=false, device.os=Android, noReset=false, dontStopAppOnReset=false, applicationClearData=false, reservationDuration=240, reportFormat=xml, fullReset=false, platform=ANY, deviceUDID=R9PR900B9GL, install.only.for.update=false, desired={appPackage=com.unplugged.store, appActivity=.splash.SplashActivity, reportDirectory=reports, reportFormat=xml, udid=R9PR900B9GL, platformName=Android, testName=test01}, device.serialNumber=R9PR900B9GL, locationServicesAuthorized=false, device.version=11, reportDirectory=reports, autoWebview=false, udid=R9PR900B9GL, platformName=Android, testName=test01, device.screenSize=720x1600, useKeystore=false, test.type=Mobile, commandTimeouts=120000, device.manufacture=samsung, instrumentApp=false, appiumVersion=1.8.0, device.category=PHONE, autoDismissAlerts=false, reportUrl=C:\\Users\\andre\\appiumstudio-reports\\reports\\test1090, newSessionWaitTimeout=600, keystorePath=~/.android/debug.keystore, appActivity=.splash.SplashActivity, installOnlyForUpdate=false, waitForDeviceTimeout=120000, device.model=SM-A037F, device.name=SM-A037F, autoGrantPermissions=false, appBuildVersion=, appReleaseVersion=, takeScreenshots=true, projectName=, autoAcceptAlerts=false}]\nSession ID: d68a0cd7-ebdc-4b5b-b903-ea4109691799\n*** Element info: {Using=id, value=button1}\r\n\tat sun.reflect.NativeConstructorAccessorImpl.newInstance0(Native Method)\r\n\tat sun.reflect.NativeConstructorAccessorImpl.newInstance(NativeConstructorAccessorImpl.java:62)\r\n\tat sun.reflect.DelegatingConstructorAccessorImpl.newInstance(DelegatingConstructorAccessorImpl.java:45)\r\n\tat java.lang.reflect.Constructor.newInstance(Constructor.java:423)\r\n\tat org.openqa.selenium.remote.ErrorHandler.createThrowable(ErrorHandler.java:206)\r\n\tat org.openqa.selenium.remote.ErrorHandler.throwIfResponseFailed(ErrorHandler.java:158)\r\n\tat org.openqa.selenium.remote.RemoteWebDriver.execute(RemoteWebDriver.java:678)\r\n\tat io.appium.java_client.DefaultGenericMobileDriver.execute(DefaultGenericMobileDriver.java:40)\r\n\tat io.appium.java_client.AppiumDriver.execute(AppiumDriver.java:1)\r\n\tat io.appium.java_client.android.AndroidDriver.execute(AndroidDriver.java:1)\r\n\tat org.openqa.selenium.remote.RemoteWebDriver.findElement(RemoteWebDriver.java:363)\r\n\tat io.appium.java_client.DefaultGenericMobileDriver.findElement(DefaultGenericMobileDriver.java:56)\r\n\tat io.appium.java_client.AppiumDriver.findElement(AppiumDriver.java:1)\r\n\tat io.appium.java_client.android.AndroidDriver.findElement(AndroidDriver.java:1)\r\n\tat org.openqa.selenium.remote.RemoteWebDriver.findElementById(RemoteWebDriver.java:413)\r\n\tat io.appium.java_client.DefaultGenericMobileDriver.findElementById(DefaultGenericMobileDriver.java:64)\r\n\tat io.appium.java_client.AppiumDriver.findElementById(AppiumDriver.java:1)\r\n\tat io.appium.java_client.android.AndroidDriver.findElementById(AndroidDriver.java:1)\r\n\tat org.openqa.selenium.By$ById.findElement(By.java:218)\r\n\tat org.openqa.selenium.remote.RemoteWebDriver.findElement(RemoteWebDriver.java:355)\r\n\tat io.appium.java_client.DefaultGenericMobileDriver.findElement(DefaultGenericMobileDriver.java:52)\r\n\tat io.appium.java_client.AppiumDriver.findElement(AppiumDriver.java:1)\r\n\tat io.appium.java_client.android.AndroidDriver.findElement(AndroidDriver.java:1)\r\n\tat org.openqa.selenium.support.ui.ExpectedConditions.findElement(ExpectedConditions.java:899)\r\n\tat org.openqa.selenium.support.ui.ExpectedConditions.access$000(ExpectedConditions.java:41)\r\n\tat org.openqa.selenium.support.ui.ExpectedConditions$7.apply(ExpectedConditions.java:205)\r\n\tat org.openqa.selenium.support.ui.ExpectedConditions$7.apply(ExpectedConditions.java:201)\r\n\tat org.openqa.selenium.support.ui.ExpectedConditions$22.apply(ExpectedConditions.java:653)\r\n\tat org.openqa.selenium.support.ui.ExpectedConditions$22.apply(ExpectedConditions.java:646)\r\n\tat org.openqa.selenium.support.ui.FluentWait.until(FluentWait.java:238)\r\n\t... 33 more\r\n"},"stage":"finished","description":"Test Description: Registration with email and password with generateRandomUsername and string password.Then press on forgot my password and then manually verify that The email has been sent","steps":[],"attachments":[],"parameters":[],"start":1648381615760,"stop":1648381644097}